<?xml version="1.0" encoding="UTF-8"?>
<!-- Generated by org.testng.reporters.JUnitReportReporter -->
<testsuite hostname="QT-INNO-LT0619" failures="0" tests="2" name="PageObject.selenium.HomePage" time="27.200" errors="0" timestamp="2022-08-16T09:39:24 IST" skipped="0">
  <testcase classname="PageObject.selenium.HomePage" name="basePageNavigation" time="19.593"/>
  <system-out/>
  <testcase classname="PageObject.selenium.HomePage" name="basePageNavigation" time="7.607"/>
  <system-out/>
</testsuite> <!-- PageObject.selenium.HomePage -->
