<?xml version="1.0" encoding="UTF-8"?>
<!-- Generated by org.testng.reporters.JUnitReportReporter -->
<testsuite hostname="QT-INNO-LT0619" failures="0" tests="2" name="PageObject.selenium.HomePage" time="24.213" errors="0" timestamp="2022-08-16T09:33:43 IST" skipped="0">
  <testcase classname="PageObject.selenium.HomePage" name="basePageNavigation" time="4.588"/>
  <system-out/>
  <testcase classname="PageObject.selenium.HomePage" name="basePageNavigation" time="19.625"/>
  <system-out/>
</testsuite> <!-- PageObject.selenium.HomePage -->
